<?xml version="1.0" encoding="UTF-8"?>
<!-- Generated by org.testng.reporters.JUnitReportReporter -->
<testsuite hostname="LAPTOP-56F6TDJG" failures="0" tests="1" name="Test.LoginPageTest" time="26.751" errors="0" timestamp="2022-08-27T09:48:00 IST" skipped="0">
  <testcase classname="Test.LoginPageTest" name="LoginwithCredentials" time="26.751"/>
  <system-out/>
</testsuite> <!-- Test.LoginPageTest -->
