<?xml version="1.0" encoding="UTF-8"?>
<!-- Generated by org.testng.reporters.JUnitReportReporter -->
<testsuite hostname="LAPTOP-56F6TDJG" failures="0" tests="2" name="Test.HomePageTest" time="18.154" errors="0" timestamp="2022-08-27T09:53:37 IST" skipped="1">
  <testcase classname="Test.HomePageTest" name="LoginNewUser" time="18.154"/>
  <system-out/>
  <testcase classname="Test.HomePageTest" name="LoginToHomePage">
    <skipped/>
  </testcase> <!-- LoginToHomePage -->
  <system-out/>
</testsuite> <!-- Test.HomePageTest -->
